Determining if the pthread_create exist failed with the following output:
Change Dir: /home/christian/catkin_ws/build/CMakeFiles/CMakeTmp

Run Build Command:"/usr/bin/make" "cmTC_bb88a/fast"
/usr/bin/make -f CMakeFiles/cmTC_bb88a.dir/build.make CMakeFiles/cmTC_bb88a.dir/build
make[1]: Entering directory '/home/christian/catkin_ws/build/CMakeFiles/CMakeTmp'
Building C object CMakeFiles/cmTC_bb88a.dir/CheckSymbolExists.c.o
/usr/bin/cc    -o CMakeFiles/cmTC_bb88a.dir/CheckSymbolExists.c.o   -c /home/christian/catkin_ws/build/CMakeFiles/CMakeTmp/CheckSymbolExists.c
Linking C executable cmTC_bb88a
/usr/bin/cmake -E cmake_link_script CMakeFiles/cmTC_bb88a.dir/link.txt --verbose=1
/usr/bin/cc      -rdynamic CMakeFiles/cmTC_bb88a.dir/CheckSymbolExists.c.o  -o cmTC_bb88a 
CMakeFiles/cmTC_bb88a.dir/CheckSymbolExists.c.o: In function `main':
CheckSymbolExists.c:(.text+0x1b): undefined reference to `pthread_create'
collect2: error: ld returned 1 exit status
CMakeFiles/cmTC_bb88a.dir/build.make:97: recipe for target 'cmTC_bb88a' failed
make[1]: *** [cmTC_bb88a] Error 1
make[1]: Leaving directory '/home/christian/catkin_ws/build/CMakeFiles/CMakeTmp'
Makefile:126: recipe for target 'cmTC_bb88a/fast' failed
make: *** [cmTC_bb88a/fast] Error 2

File /home/christian/catkin_ws/build/CMakeFiles/CMakeTmp/CheckSymbolExists.c:
/* */
#include <pthread.h>

int main(int argc, char** argv)
{
  (void)argv;
#ifndef pthread_create
  return ((int*)(&pthread_create))[argc];
#else
  (void)argc;
  return 0;
#endif
}

Determining if the function pthread_create exists in the pthreads failed with the following output:
Change Dir: /home/christian/catkin_ws/build/CMakeFiles/CMakeTmp

Run Build Command:"/usr/bin/make" "cmTC_e079d/fast"
/usr/bin/make -f CMakeFiles/cmTC_e079d.dir/build.make CMakeFiles/cmTC_e079d.dir/build
make[1]: Entering directory '/home/christian/catkin_ws/build/CMakeFiles/CMakeTmp'
Building C object CMakeFiles/cmTC_e079d.dir/CheckFunctionExists.c.o
/usr/bin/cc   -DCHECK_FUNCTION_EXISTS=pthread_create   -o CMakeFiles/cmTC_e079d.dir/CheckFunctionExists.c.o   -c /usr/share/cmake-3.10/Modules/CheckFunctionExists.c
Linking C executable cmTC_e079d
/usr/bin/cmake -E cmake_link_script CMakeFiles/cmTC_e079d.dir/link.txt --verbose=1
/usr/bin/cc  -DCHECK_FUNCTION_EXISTS=pthread_create    -rdynamic CMakeFiles/cmTC_e079d.dir/CheckFunctionExists.c.o  -o cmTC_e079d -lpthreads 
/usr/bin/ld: cannot find -lpthreads
collect2: error: ld returned 1 exit status
CMakeFiles/cmTC_e079d.dir/build.make:97: recipe for target 'cmTC_e079d' failed
make[1]: *** [cmTC_e079d] Error 1
make[1]: Leaving directory '/home/christian/catkin_ws/build/CMakeFiles/CMakeTmp'
Makefile:126: recipe for target 'cmTC_e079d/fast' failed
make: *** [cmTC_e079d/fast] Error 2


